<?xml version="1.0" encoding="UTF-8"?>
<testsuite name="org.gradle.shared.PersonTest" tests="3" skipped="0" failures="0" errors="0" timestamp="2014-09-17T17:03:55" hostname="Sander" time="0.041">
  <properties/>
  <testcase name="testMainProperty" classname="org.gradle.shared.PersonTest" time="0.038"/>
  <testcase name="testTest" classname="org.gradle.shared.PersonTest" time="0.001"/>
  <testcase name="testTestProperty" classname="org.gradle.shared.PersonTest" time="0.002"/>
  <system-out><![CDATA[]]></system-out>
  <system-err><![CDATA[log4j:WARN No appenders could be found for logger (edu.avans.aei.ivh5.rschelli.week1.main.Main).
log4j:WARN Please initialize the log4j system properly.
log4j:WARN See http://logging.apache.org/log4j/1.2/faq.html#noconfig for more info.
]]></system-err>
</testsuite>
